|SourceProjectName:AnalysisToolsHelpFile.hpr
|DestinationProjectName:helpfile.hs
analysistoolshelpfile_rtf\bisector.htm
analysistoolshelpfile_rtf\fitting_utilities.htm
analysistoolshelpfile_rtf\best_fit.htm
analysistoolshelpfile_rtf\black_body_fitting.htm
analysistoolshelpfile_rtf\gaussian_lorentzian_voigth_fitting.htm
analysistoolshelpfile_rtf\equivalent_width.htm
analysistoolshelpfile_rtf\statistics.htm
analysistoolshelpfile_rtf\tuning.htm
analysistoolshelpfile_rtf\multivalued_spectra_averaging.htm
analysistoolshelpfile_rtf\re_binning.htm
analysistoolshelpfile_rtf\reject_zero_and_negative_flux_values.htm
analysistoolshelpfile_rtf\mirroring.htm
analysistoolshelpfile_rtf\line_mirroring.htm
analysistoolshelpfile_rtf\spectrum_mirroring.htm
analysistoolshelpfile_rtf\line_flux.htm
analysistoolshelpfile_rtf\integrated_flux.htm
analysistoolshelpfile_rtf\flux.htm
analysistoolshelpfile_rtf\filters.htm
analysistoolshelpfile_rtf\averaging_filters.htm
analysistoolshelpfile_rtf\defined_by_input_number_of_adjacent_points.htm
analysistoolshelpfile_rtf\defined_by_input_number_of_subintervals.htm
analysistoolshelpfile_rtf\kernel_filters.htm
analysistoolshelpfile_rtf\adaptive_filters.htm
analysistoolshelpfile_rtf\wavelet_filters.htm
analysistoolshelpfile_rtf\vospeculator.htm
analysistoolshelpfile_rtf\polynomial_fitting.htm
image\ebx_2118119026.gif
image\ebx_-280916168.gif
image\ebx_234118016.gif
image\ebx_-240884882.gif
image\ebx_-1831921207.gif
image\ebx_1914135641.gif
image\ebx_-117650509.gif
image\ebx_1857989843.gif
image\ebx_625386452.gif
image\ebx_-1391525337.gif
image\ebx_1439399714.gif
image\ebx_-1129255244.gif
image\ebx_-1710031660.gif
image\ebx_888570213.gif
image\ebx_1892641908.gif
image\ebx_-126549647.gif
image\ebx_1281425737.gif
image\ebx_2031335947.gif
image\ebx_1912210666.gif
image\ebx_-1655663877.gif
image\ebx_332354394.gif
image\ebx_-1371848750.gif
image\ebx_545219063.gif
image\ebx_427603736.gif
image\ebx_799837425.gif
image\ebx_1771480088.gif
image\ebx_268486043.gif
image\ebx_-897508313.gif
image\ebx_-639483224.gif
image\ebx_2050574245.gif
image\ebx_538740086.gif
image\ebx_-1819933450.gif
image\ebx_-92120869.gif
image\ebx_-48011553.gif
image\ebx_-906164380.gif
image\ebx_-409668049.gif
image\ebx_-295170761.gif
image\ebx_-791914694.gif
image\ebx_1537547812.gif
image\ebx_1029557355.gif
image\ebx_993383150.gif
image\ebx_2115227214.gif
image\ebx_151572326.gif
bsscnav4.gif
bsscnav5.gif
bsscnav6.gif
bsscnav7.gif
bsscnav8.gif
bsscjhrs.jar
helpfile_toc.xml
helpfile_ndx.xml
helpfile_map.xml
helpfile.hs
